Using pre-set license
Built from '2020.3/staging' branch; Version is '2020.3.6f1 (338bb68529b2) revision 3378102'; Using compiler version '192528614'; Build Type 'Release'
OS: 'Windows 10 Home; OS build 19042.985; Version 2009; 64bit' Language: 'en' Physical Memory: 16260 MB
BatchMode: 1, IsHumanControllingUs: 0, StartBugReporterOnCrash: 0, Is64bit: 1, IsPro: 0

 COMMAND LINE ARGUMENTS:
C:\Program Files\Unity\Hub\Editor\2020.3.6f1\Editor\Unity.exe
-adb2
-batchMode
-noUpm
-name
AssetImportWorker0
-projectPath
C:/Users/jesou/MyFirstGame
-logFile
Logs/AssetImportWorker0.log
-srvPort
49935
Successfully changed project path to: C:/Users/jesou/MyFirstGame
C:/Users/jesou/MyFirstGame
Using Asset Import Pipeline V2.
Refreshing native plugins compatible for Editor in 836.26 ms, found 9 plugins.
Preloading 2 native plugins for Editor in 37.02 ms.
Initialize engine version: 2020.3.6f1 (338bb68529b2)
[Subsystems] Discovering subsystems at path C:/Program Files/Unity/Hub/Editor/2020.3.6f1/Editor/Data/Resources/UnitySubsystems
[Subsystems] Discovering subsystems at path C:/Users/jesou/MyFirstGame/Assets
GfxDevice: creating device client; threaded=0
Direct3D:
    Version:  Direct3D 11.0 [level 11.1]
    Renderer: NVIDIA GeForce GTX 1060 (ID=0x1c20)
    Vendor:   
    VRAM:     6052 MB
    Driver:   27.21.14.5763
Initialize mono
Mono path[0] = 'C:/Program Files/Unity/Hub/Editor/2020.3.6f1/Editor/Data/Managed'
Mono path[1] = 'C:/Program Files/Unity/Hub/Editor/2020.3.6f1/Editor/Data/MonoBleedingEdge/lib/mono/unityjit'
Mono config path = 'C:/Program Files/Unity/Hub/Editor/2020.3.6f1/Editor/Data/MonoBleedingEdge/etc'
Using monoOptions --debugger-agent=transport=dt_socket,embedding=1,server=y,suspend=n,address=127.0.0.1:56196
Begin MonoManager ReloadAssembly
Registering precompiled unity dll's ...
Register platform support module: C:/Program Files/Unity/Hub/Editor/2020.3.6f1/Editor/Data/PlaybackEngines/WebGLSupport/UnityEditor.WebGL.Extensions.dll
Register platform support module: C:/Program Files/Unity/Hub/Editor/2020.3.6f1/Editor/Data/PlaybackEngines/WindowsStandaloneSupport/UnityEditor.WindowsStandalone.Extensions.dll
Registered in 0.269220 seconds.
Native extension for WindowsStandalone target not found
Native extension for WebGL target not found
Refreshing native plugins compatible for Editor in 45.27 ms, found 9 plugins.
Preloading 2 native plugins for Editor in 0.19 ms.
Mono: successfully reloaded assembly
- Completed reload, in  5.272 seconds
Platform modules already initialized, skipping
Registering precompiled user dll's ...
Registered in 0.274494 seconds.
Begin MonoManager ReloadAssembly
Native extension for WindowsStandalone target not found
Native extension for WebGL target not found
Refreshing native plugins compatible for Editor in 38.91 ms, found 9 plugins.
Preloading 2 native plugins for Editor in 0.25 ms.
[XR] OculusXRPlugin: registering subsystems
[XR] Unable to register display lifecyle provider: [1]
[XR] Oculus Input lifecycle provider registered.
[XR] Unable to register input lifecyle provider: [1]
NullReferenceException: Object reference not set to an instance of an object
  at Unity.XR.Oculus.OculusLoader.AssetPathToAbsolutePath (System.String assetPath) [0x00048] in C:\Users\jesou\MyFirstGame\Library\PackageCache\com.unity.xr.oculus@1.9.0\Runtime\OculusLoader.cs:249 
  at Unity.XR.Oculus.OculusLoader.EditorLoadOVRPlugin () [0x0007b] in C:\Users\jesou\MyFirstGame\Library\PackageCache\com.unity.xr.oculus@1.9.0\Runtime\OculusLoader.cs:234 

(Filename: Library/PackageCache/com.unity.xr.oculus@1.9.0/Runtime/OculusLoader.cs Line: 249)

Mono: successfully reloaded assembly
- Completed reload, in  1.492 seconds
Platform modules already initialized, skipping
========================================================================
Worker process is ready to serve import requests
Launched and connected shader compiler UnityShaderCompiler.exe after 0.11 seconds
Refreshing native plugins compatible for Editor in 0.81 ms, found 9 plugins.
Preloading 2 native plugins for Editor in 0.15 ms.
Unloading 1843 Unused Serialized files (Serialized files now loaded: 0)
System memory in use before: 81.8 MB.
System memory in use after: 81.9 MB.

Unloading 13 unused Assets to reduce memory usage. Loaded Objects now: 2290.
Total: 2.645000 ms (FindLiveObjects: 0.271800 ms CreateObjectMapping: 0.145400 ms MarkObjects: 2.113300 ms  DeleteObjects: 0.113200 ms)

========================================================================
Received Import Request.
  path: Assets/Spawner 1.cs
  artifactKey: Guid(fcf4c7f72c1da6441888762902bf1213) Importer(815301076,1909f56bfc062723c751e8b465ee728b)
Start importing Assets/Spawner 1.cs using Guid(fcf4c7f72c1da6441888762902bf1213) Importer(815301076,1909f56bfc062723c751e8b465ee728b)  -> (artifact id: '414be0882e1c64672b832c27210a091e') in 0.036972 seconds
  Import took 0.041113 seconds .

========================================================================
Received Import Request.
  Time since last request: 0.631541 seconds.
  path: Assets/WallSpawner.cs
  artifactKey: Guid(fcf4c7f72c1da6441888762902bf1213) Importer(815301076,1909f56bfc062723c751e8b465ee728b)
Start importing Assets/WallSpawner.cs using Guid(fcf4c7f72c1da6441888762902bf1213) Importer(815301076,1909f56bfc062723c751e8b465ee728b)  -> (artifact id: '69fae1264dce492b736df389b19cbb12') in 0.011572 seconds
  Import took 0.016648 seconds .

========================================================================
Received Import Request.
  Time since last request: 971.539987 seconds.
  path: Assets/WallSpawner.cs
  artifactKey: Guid(fcf4c7f72c1da6441888762902bf1213) Importer(815301076,1909f56bfc062723c751e8b465ee728b)
Start importing Assets/WallSpawner.cs using Guid(fcf4c7f72c1da6441888762902bf1213) Importer(815301076,1909f56bfc062723c751e8b465ee728b)  -> (artifact id: '40fb9f64fc422b2fd06910cda870856c') in 0.011577 seconds
  Import took 0.016761 seconds .

========================================================================
Received Import Request.
  Time since last request: 395.839169 seconds.
  path: Assets/WallSpawner.cs
  artifactKey: Guid(fcf4c7f72c1da6441888762902bf1213) Importer(815301076,1909f56bfc062723c751e8b465ee728b)
Start importing Assets/WallSpawner.cs using Guid(fcf4c7f72c1da6441888762902bf1213) Importer(815301076,1909f56bfc062723c751e8b465ee728b)  -> (artifact id: '021debf4ed335e739815955c0c6f3cfc') in 0.005331 seconds
  Import took 0.012127 seconds .

========================================================================
Received Import Request.
  Time since last request: 179.081051 seconds.
  path: Assets/WallSpawner.cs
  artifactKey: Guid(fcf4c7f72c1da6441888762902bf1213) Importer(815301076,1909f56bfc062723c751e8b465ee728b)
Start importing Assets/WallSpawner.cs using Guid(fcf4c7f72c1da6441888762902bf1213) Importer(815301076,1909f56bfc062723c751e8b465ee728b)  -> (artifact id: '2fc6d0ca66557bc39f0be536a2f213d2') in 0.005191 seconds
  Import took 0.010444 seconds .

========================================================================
Received Import Request.
  Time since last request: 11.358555 seconds.
  path: Assets/WallSpawner.cs
  artifactKey: Guid(fcf4c7f72c1da6441888762902bf1213) Importer(815301076,1909f56bfc062723c751e8b465ee728b)
Start importing Assets/WallSpawner.cs using Guid(fcf4c7f72c1da6441888762902bf1213) Importer(815301076,1909f56bfc062723c751e8b465ee728b)  -> (artifact id: '910d37072dc655d7feaa8f2095abc95f') in 0.006328 seconds
  Import took 0.013065 seconds .

========================================================================
Received Import Request.
  Time since last request: 275.631844 seconds.
  path: Assets/WallSpawner.cs
  artifactKey: Guid(fcf4c7f72c1da6441888762902bf1213) Importer(815301076,1909f56bfc062723c751e8b465ee728b)
Start importing Assets/WallSpawner.cs using Guid(fcf4c7f72c1da6441888762902bf1213) Importer(815301076,1909f56bfc062723c751e8b465ee728b)  -> (artifact id: 'f07a3f0a6f4fef621f16866cfa8e73e7') in 0.006522 seconds
  Import took 0.012948 seconds .

========================================================================
Received Import Request.
  Time since last request: 554.398772 seconds.
  path: Assets/WallSpawner.cs
  artifactKey: Guid(fcf4c7f72c1da6441888762902bf1213) Importer(815301076,1909f56bfc062723c751e8b465ee728b)
Start importing Assets/WallSpawner.cs using Guid(fcf4c7f72c1da6441888762902bf1213) Importer(815301076,1909f56bfc062723c751e8b465ee728b)  -> (artifact id: '710072822dd6c8ef4fcb472be4fa3373') in 0.004600 seconds
  Import took 0.010653 seconds .

========================================================================
Received Import Request.
  Time since last request: 51.435208 seconds.
  path: Assets/WallSpawner.cs
  artifactKey: Guid(fcf4c7f72c1da6441888762902bf1213) Importer(815301076,1909f56bfc062723c751e8b465ee728b)
Start importing Assets/WallSpawner.cs using Guid(fcf4c7f72c1da6441888762902bf1213) Importer(815301076,1909f56bfc062723c751e8b465ee728b)  -> (artifact id: 'f8ab6e29cda1d667c2798ea36f9198c0') in 0.005011 seconds
  Import took 0.009915 seconds .

========================================================================
Received Import Request.
  Time since last request: 15.187511 seconds.
  path: Assets/WallSpawner.cs
  artifactKey: Guid(fcf4c7f72c1da6441888762902bf1213) Importer(815301076,1909f56bfc062723c751e8b465ee728b)
Start importing Assets/WallSpawner.cs using Guid(fcf4c7f72c1da6441888762902bf1213) Importer(815301076,1909f56bfc062723c751e8b465ee728b)  -> (artifact id: '4acc49baa635b11b3ff96d42f16c9688') in 0.006008 seconds
  Import took 0.010749 seconds .

========================================================================
Received Import Request.
  Time since last request: 106.724452 seconds.
  path: Assets/WallSpawner.cs
  artifactKey: Guid(fcf4c7f72c1da6441888762902bf1213) Importer(815301076,1909f56bfc062723c751e8b465ee728b)
Start importing Assets/WallSpawner.cs using Guid(fcf4c7f72c1da6441888762902bf1213) Importer(815301076,1909f56bfc062723c751e8b465ee728b)  -> (artifact id: 'c67355ff1ef06347fb90cb47939a992f') in 0.004410 seconds
  Import took 0.011081 seconds .

========================================================================
Received Import Request.
  Time since last request: 90.185550 seconds.
  path: Assets/WallSpawner.cs
  artifactKey: Guid(fcf4c7f72c1da6441888762902bf1213) Importer(815301076,1909f56bfc062723c751e8b465ee728b)
Start importing Assets/WallSpawner.cs using Guid(fcf4c7f72c1da6441888762902bf1213) Importer(815301076,1909f56bfc062723c751e8b465ee728b)  -> (artifact id: 'eff993c236b96924f8e8f70ee2c4fff5') in 0.005344 seconds
  Import took 0.012292 seconds .

========================================================================
Received Prepare
Registering precompiled user dll's ...
Registered in 0.010379 seconds.
Begin MonoManager ReloadAssembly
Native extension for WindowsStandalone target not found
Native extension for WebGL target not found
Refreshing native plugins compatible for Editor in 0.82 ms, found 9 plugins.
Preloading 2 native plugins for Editor in 0.47 ms.
NullReferenceException: Object reference not set to an instance of an object
  at Unity.XR.Oculus.OculusLoader.AssetPathToAbsolutePath (System.String assetPath) [0x00048] in C:\Users\jesou\MyFirstGame\Library\PackageCache\com.unity.xr.oculus@1.9.0\Runtime\OculusLoader.cs:249 
  at Unity.XR.Oculus.OculusLoader.EditorLoadOVRPlugin () [0x0007b] in C:\Users\jesou\MyFirstGame\Library\PackageCache\com.unity.xr.oculus@1.9.0\Runtime\OculusLoader.cs:234 

(Filename: Library/PackageCache/com.unity.xr.oculus@1.9.0/Runtime/OculusLoader.cs Line: 249)

Mono: successfully reloaded assembly
- Completed reload, in  1.167 seconds
Platform modules already initialized, skipping
Refreshing native plugins compatible for Editor in 0.55 ms, found 9 plugins.
Preloading 2 native plugins for Editor in 0.23 ms.
Unloading 1805 Unused Serialized files (Serialized files now loaded: 0)
System memory in use before: 80.9 MB.
System memory in use after: 81.0 MB.

Unloading 7 unused Assets to reduce memory usage. Loaded Objects now: 2293.
Total: 2.343400 ms (FindLiveObjects: 0.303800 ms CreateObjectMapping: 0.194300 ms MarkObjects: 1.783300 ms  DeleteObjects: 0.060700 ms)

========================================================================
Received Import Request.
  Time since last request: 36.636266 seconds.
  path: Assets/WallSpawner.cs
  artifactKey: Guid(fcf4c7f72c1da6441888762902bf1213) Importer(815301076,1909f56bfc062723c751e8b465ee728b)
Start importing Assets/WallSpawner.cs using Guid(fcf4c7f72c1da6441888762902bf1213) Importer(815301076,1909f56bfc062723c751e8b465ee728b)  -> (artifact id: 'a861783bbc6fc288d11435d1e455cd6d') in 0.009244 seconds
  Import took 0.013065 seconds .

========================================================================
Received Import Request.
  Time since last request: 27.569153 seconds.
  path: Assets/Grab Interactable.prefab
  artifactKey: Guid(2947d033c031572469738ec6eada7d98) Importer(815301076,1909f56bfc062723c751e8b465ee728b)
Start importing Assets/Grab Interactable.prefab using Guid(2947d033c031572469738ec6eada7d98) Importer(815301076,1909f56bfc062723c751e8b465ee728b)  -> (artifact id: '26460e0af959b8dcb2baa5594e6b2698') in 0.188608 seconds
  Import took 0.193486 seconds .

========================================================================
Received Import Request.
  Time since last request: 0.011155 seconds.
  path: Assets/Grab Interactable.prefab
  artifactKey: Guid(2947d033c031572469738ec6eada7d98) Importer(815301076,1909f56bfc062723c751e8b465ee728b)
Start importing Assets/Grab Interactable.prefab using Guid(2947d033c031572469738ec6eada7d98) Importer(815301076,1909f56bfc062723c751e8b465ee728b)  -> (artifact id: '26460e0af959b8dcb2baa5594e6b2698') in 0.016738 seconds
  Import took 0.022416 seconds .

========================================================================
Received Import Request.
  Time since last request: 10.383934 seconds.
  path: Assets/Grab Interactable.prefab
  artifactKey: Guid(2947d033c031572469738ec6eada7d98) Importer(815301076,1909f56bfc062723c751e8b465ee728b)
Start importing Assets/Grab Interactable.prefab using Guid(2947d033c031572469738ec6eada7d98) Importer(815301076,1909f56bfc062723c751e8b465ee728b)  -> (artifact id: '2f0900abd54748300c4a523724d4679b') in 0.016117 seconds
  Import took 0.021330 seconds .

========================================================================
Received Import Request.
  Time since last request: 0.032498 seconds.
  path: Assets/Grab Interactable.prefab
  artifactKey: Guid(2947d033c031572469738ec6eada7d98) Importer(815301076,1909f56bfc062723c751e8b465ee728b)
Start importing Assets/Grab Interactable.prefab using Guid(2947d033c031572469738ec6eada7d98) Importer(815301076,1909f56bfc062723c751e8b465ee728b)  -> (artifact id: '2f0900abd54748300c4a523724d4679b') in 0.014727 seconds
  Import took 0.021399 seconds .

========================================================================
Received Import Request.
  Time since last request: 4.677425 seconds.
  path: Assets/Grab Interactable.prefab
  artifactKey: Guid(2947d033c031572469738ec6eada7d98) Importer(815301076,1909f56bfc062723c751e8b465ee728b)
Start importing Assets/Grab Interactable.prefab using Guid(2947d033c031572469738ec6eada7d98) Importer(815301076,1909f56bfc062723c751e8b465ee728b)  -> (artifact id: '0e0f4c8126924e799d0145146fc44c03') in 0.014802 seconds
  Import took 0.019896 seconds .

========================================================================
Received Import Request.
  Time since last request: 0.028856 seconds.
  path: Assets/Grab Interactable.prefab
  artifactKey: Guid(2947d033c031572469738ec6eada7d98) Importer(815301076,1909f56bfc062723c751e8b465ee728b)
Start importing Assets/Grab Interactable.prefab using Guid(2947d033c031572469738ec6eada7d98) Importer(815301076,1909f56bfc062723c751e8b465ee728b)  -> (artifact id: '0e0f4c8126924e799d0145146fc44c03') in 0.014200 seconds
  Import took 0.020699 seconds .

========================================================================
Received Import Request.
  Time since last request: 429.300361 seconds.
  path: Assets/Wall.prefab
  artifactKey: Guid(2947d033c031572469738ec6eada7d98) Importer(815301076,1909f56bfc062723c751e8b465ee728b)
Start importing Assets/Wall.prefab using Guid(2947d033c031572469738ec6eada7d98) Importer(815301076,1909f56bfc062723c751e8b465ee728b)  -> (artifact id: 'afa1667498030944590ff65a5c86e9e8') in 0.024877 seconds
  Import took 0.030198 seconds .

========================================================================
Received Import Request.
  Time since last request: 0.019246 seconds.
  path: Assets/Wall.prefab
  artifactKey: Guid(2947d033c031572469738ec6eada7d98) Importer(815301076,1909f56bfc062723c751e8b465ee728b)
Start importing Assets/Wall.prefab using Guid(2947d033c031572469738ec6eada7d98) Importer(815301076,1909f56bfc062723c751e8b465ee728b)  -> (artifact id: 'afa1667498030944590ff65a5c86e9e8') in 0.015652 seconds
  Import took 0.020327 seconds .

========================================================================
Received Prepare
Registering precompiled user dll's ...
Registered in 0.007128 seconds.
Begin MonoManager ReloadAssembly
Native extension for WindowsStandalone target not found
Native extension for WebGL target not found
Refreshing native plugins compatible for Editor in 0.64 ms, found 9 plugins.
Preloading 2 native plugins for Editor in 0.29 ms.
NullReferenceException: Object reference not set to an instance of an object
  at Unity.XR.Oculus.OculusLoader.AssetPathToAbsolutePath (System.String assetPath) [0x00048] in C:\Users\jesou\MyFirstGame\Library\PackageCache\com.unity.xr.oculus@1.9.0\Runtime\OculusLoader.cs:249 
  at Unity.XR.Oculus.OculusLoader.EditorLoadOVRPlugin () [0x0007b] in C:\Users\jesou\MyFirstGame\Library\PackageCache\com.unity.xr.oculus@1.9.0\Runtime\OculusLoader.cs:234 

(Filename: Library/PackageCache/com.unity.xr.oculus@1.9.0/Runtime/OculusLoader.cs Line: 249)

Mono: successfully reloaded assembly
- Completed reload, in  1.123 seconds
Platform modules already initialized, skipping
Refreshing native plugins compatible for Editor in 0.97 ms, found 9 plugins.
Preloading 2 native plugins for Editor in 0.18 ms.
Unloading 1805 Unused Serialized files (Serialized files now loaded: 0)
System memory in use before: 84.1 MB.
System memory in use after: 84.2 MB.

Unloading 7 unused Assets to reduce memory usage. Loaded Objects now: 2305.
Total: 3.783100 ms (FindLiveObjects: 0.415000 ms CreateObjectMapping: 0.162600 ms MarkObjects: 3.123400 ms  DeleteObjects: 0.080000 ms)

